Generated at 2014-06-03 17:29:35 -0700
Chef::Exceptions::CookbookNotFound: Cookbook build-essential not found. If you're loading build-essential from another cookbook, make sure you configure the dependency in your metadata
/opt/chef/embedded/lib/ruby/gems/1.9.1/gems/chef-11.12.4/lib/chef/cookbook/cookbook_collection.rb:38:in `block in initialize'
/opt/chef/embedded/lib/ruby/gems/1.9.1/gems/ohai-7.0.4/lib/ohai/mash.rb:77:in `yield'
/opt/chef/embedded/lib/ruby/gems/1.9.1/gems/ohai-7.0.4/lib/ohai/mash.rb:77:in `default'
/opt/chef/embedded/lib/ruby/gems/1.9.1/gems/ohai-7.0.4/lib/ohai/mash.rb:77:in `default'
/opt/chef/embedded/lib/ruby/gems/1.9.1/gems/chef-11.12.4/lib/chef/run_context/cookbook_compiler.rb:277:in `[]'
/opt/chef/embedded/lib/ruby/gems/1.9.1/gems/chef-11.12.4/lib/chef/run_context/cookbook_compiler.rb:277:in `each_cookbook_dep'
/opt/chef/embedded/lib/ruby/gems/1.9.1/gems/chef-11.12.4/lib/chef/run_context/cookbook_compiler.rb:255:in `add_cookbook_with_deps'
/opt/chef/embedded/lib/ruby/gems/1.9.1/gems/chef-11.12.4/lib/chef/run_context/cookbook_compiler.rb:88:in `block in cookbook_order'
/opt/chef/embedded/lib/ruby/gems/1.9.1/gems/chef-11.12.4/lib/chef/run_context/cookbook_compiler.rb:86:in `each'
/opt/chef/embedded/lib/ruby/gems/1.9.1/gems/chef-11.12.4/lib/chef/run_context/cookbook_compiler.rb:86:in `cookbook_order'
/opt/chef/embedded/lib/ruby/gems/1.9.1/gems/chef-11.12.4/lib/chef/run_context/cookbook_compiler.rb:98:in `compile_libraries'
/opt/chef/embedded/lib/ruby/gems/1.9.1/gems/chef-11.12.4/lib/chef/run_context/cookbook_compiler.rb:71:in `compile'
/opt/chef/embedded/lib/ruby/gems/1.9.1/gems/chef-11.12.4/lib/chef/run_context.rb:88:in `load'
/opt/chef/embedded/lib/ruby/gems/1.9.1/gems/chef-11.12.4/lib/chef/policy_builder/expand_node_object.rb:73:in `setup_run_context'
/opt/chef/embedded/lib/ruby/gems/1.9.1/gems/chef-11.12.4/lib/chef/client.rb:265:in `setup_run_context'
/opt/chef/embedded/lib/ruby/gems/1.9.1/gems/chef-11.12.4/lib/chef/client.rb:429:in `do_run'
/opt/chef/embedded/lib/ruby/gems/1.9.1/gems/chef-11.12.4/lib/chef/client.rb:213:in `block in run'
/opt/chef/embedded/lib/ruby/gems/1.9.1/gems/chef-11.12.4/lib/chef/client.rb:207:in `fork'
/opt/chef/embedded/lib/ruby/gems/1.9.1/gems/chef-11.12.4/lib/chef/client.rb:207:in `run'
/opt/chef/embedded/lib/ruby/gems/1.9.1/gems/chef-11.12.4/lib/chef/application.rb:217:in `run_chef_client'
/opt/chef/embedded/lib/ruby/gems/1.9.1/gems/chef-11.12.4/lib/chef/application/solo.rb:221:in `block in run_application'
/opt/chef/embedded/lib/ruby/gems/1.9.1/gems/chef-11.12.4/lib/chef/application/solo.rb:213:in `loop'
/opt/chef/embedded/lib/ruby/gems/1.9.1/gems/chef-11.12.4/lib/chef/application/solo.rb:213:in `run_application'
/opt/chef/embedded/lib/ruby/gems/1.9.1/gems/chef-11.12.4/lib/chef/application.rb:67:in `run'
/opt/chef/embedded/lib/ruby/gems/1.9.1/gems/chef-11.12.4/bin/chef-solo:25:in `<top (required)>'
/usr/bin/chef-solo:23:in `load'
/usr/bin/chef-solo:23:in `<main>'